<?xml version="1.0" encoding="UTF-8"?>
<testng-results total="2" passed="2" failed="0" skipped="0">
  <reporter-output>
  </reporter-output>
  <suite started-at="2024-07-17T10:04:27Z" name="Default suite" finished-at="2024-07-17T10:04:33Z" duration-ms="6534">
    <groups>
    </groups>
    <test started-at="2024-07-17T10:04:27Z" name="Default test" finished-at="2024-07-17T10:04:33Z" duration-ms="6534">
      <class name="Selenium.testcases.testcases">
        <test-method is-config="true" signature="initialize()[pri:0, instance:Selenium.testcases.testcases@2034b64c]" started-at="2024-07-17T15:34:27Z" name="initialize" finished-at="2024-07-17T15:34:31Z" duration-ms="4395" status="PASS">
          <reporter-output>
          </reporter-output>
        </test-method> <!-- initialize -->
        <test-method signature="TC01()[pri:0, instance:Selenium.testcases.testcases@2034b64c]" started-at="2024-07-17T15:34:31Z" name="TC01" finished-at="2024-07-17T15:34:33Z" duration-ms="1346" status="PASS">
          <reporter-output>
          </reporter-output>
        </test-method> <!-- TC01 -->
        <test-method signature="TC02()[pri:0, instance:Selenium.testcases.testcases@2034b64c]" started-at="2024-07-17T15:34:33Z" name="TC02" finished-at="2024-07-17T15:34:33Z" duration-ms="2" status="PASS">
          <reporter-output>
          </reporter-output>
        </test-method> <!-- TC02 -->
        <test-method is-config="true" signature="teardown()[pri:0, instance:Selenium.testcases.testcases@2034b64c]" started-at="2024-07-17T15:34:33Z" name="teardown" finished-at="2024-07-17T15:34:33Z" duration-ms="765" status="PASS">
          <reporter-output>
          </reporter-output>
        </test-method> <!-- teardown -->
      </class> <!-- Selenium.testcases.testcases -->
    </test> <!-- Default test -->
  </suite> <!-- Default suite -->
</testng-results>
